<?xml version="1.0" encoding="UTF-8"?>
<testsuite xmlns:xsi="http://www.w3.org/2001/XMLSchema-instance" xsi:noNamespaceSchemaLocation="https://maven.apache.org/surefire/maven-surefire-plugin/xsd/surefire-test-report-3.0.xsd" version="3.0" name="dev.InnocentUdo.Static_web_application_with_SpringBoot.StaticWebApplicationWithSpringBootApplicationTests" time="5.12" tests="1" errors="0" skipped="0" failures="0">
  <properties>
[...]
</properties>
  <testcase name="contextLoads" classname="dev.InnocentUdo.Static_web_application_with_SpringBoot.StaticWebApplicationWithSpringBootApplicationTests" time="1.26">
    <system-out><![CDATA[21:51:14.959 [main] INFO org.springframework.test.context.support.AnnotationConfigContextLoaderUtils -- Could not detect default configuration classes for test class [dev.InnocentUdo.Static_web_application_with_SpringBoot.StaticWebApplicationWithSpringBootApplicationTests]: StaticWebApplicationWithSpringBootApplicationTests does not declare any static, non-private, non-final, nested classes annotated with @Configuration.
21:51:15.124 [main] INFO org.springframework.boot.test.context.SpringBootTestContextBootstrapper -- Found @SpringBootConfiguration dev.InnocentUdo.Static_web_application_with_SpringBoot.StaticWebApplicationWithSpringBootApplication for test class dev.InnocentUdo.Static_web_application_with_SpringBoot.StaticWebApplicationWithSpringBootApplicationTests

  .   ____          _            __ _ _
 /\\ / ___'_ __ _ _(_)_ __  __ _ \ \ \ \
( ( )\___ | '_ | '_| | '_ \/ _` | \ \ \ \
 \\/  ___)| |_)| | | | | || (_| |  ) ) ) )
  '  |____| .__|_| |_|_| |_\__, | / / / /
 =========|_|==============|___/=/_/_/_/
 :: Spring Boot ::                (v3.1.2)

2025-10-28T21:51:15.938+05:30  INFO 5056 --- [           main] pplicationWithSpringBootApplicationTests : Starting StaticWebApplicationWithSpringBootApplicationTests using Java 17.0.16 with PID 5056 (started by ADMIN in C:\Users\ADMIN\OneDrive\Documents\Static_web_application_with_SpringBoot)
2025-10-28T21:51:15.943+05:30  INFO 5056 --- [           main] pplicationWithSpringBootApplicationTests : No active profile set, falling back to 1 default profile: "default"
2025-10-28T21:51:18.168+05:30  INFO 5056 --- [           main] o.s.b.a.w.s.WelcomePageHandlerMapping    : Adding welcome page template: index
2025-10-28T21:51:18.531+05:30  INFO 5056 --- [           main] pplicationWithSpringBootApplicationTests : Started StaticWebApplicationWithSpringBootApplicationTests in 3.078 seconds (process running for 4.596)
]]></system-out>
  </testcase>
</testsuite>